Arguments: 
  D:\Program Files\nodejs\node.exe D:\Program Files (x86)\Yarn\bin\yarn.js add -D @vue/eslint-config-typescript

PATH: 
  C:\windows\system32;C:\windows;C:\windows\System32\Wbem;C:\windows\System32\WindowsPowerShell\v1.0\;C:\Program Files (x86)\ATI Technologies\ATI.ACE\Core-Static;C:\Program Files\Samsung\AllShare Framework DMS\1.3.23\;C:\Program Files\Samsung\AllShare Framework DMS\1.3.23\64bit\;D:\Program Files\Git\cmd;D:\Program Files (x86)\Yarn\bin\;D:\Program Files\nodejs\;D:\Users\q\AppData\Local\Programs\Microsoft VS Code\bin;C:\Users\q\AppData\Local\Yarn\bin;C:\Users\q\AppData\Roaming\npm

Yarn version: 
  1.22.4

Node version: 
  14.17.6

Platform: 
  win32 x64

Trace: 
  Error: EPERM: operation not permitted, unlink 'D:\case\blog\admin-forntend\node_modules\esbuild\esbuild.exe'

npm manifest: 
  {
    "name": "admin-forntend",
    "version": "0.0.0",
    "scripts": {
      "dev": "vite",
      "build": "vue-tsc --noEmit && vite build",
      "serve": "vite preview"
    },
    "dependencies": {
      "axios": "^0.21.1",
      "element-plus": "^1.1.0-beta.15",
      "js-cookie": "^3.0.1",
      "normalize.css": "^8.0.1",
      "nprogress": "^0.2.0",
      "vue": "^3.2.6",
      "vue-router": "^4.0.11",
      "vuex": "^4.0.2"
    },
    "devDependencies": {
      "@types/js-cookie": "^2.2.7",
      "@types/node": "^16.7.10",
      "@types/nprogress": "^0.2.0",
      "@vitejs/plugin-vue": "^1.6.0",
      "@vue/compiler-sfc": "^3.2.6",
      "@vue/eslint-config-standard": "^6.1.0",
      "eslint": "^8.0.1",
      "eslint-define-config": "^1.1.1",
      "eslint-plugin-vue": "^7.19.1",
      "sass": "^1.39.2",
      "sass-loader": "^12.1.0",
      "typescript": "^4.3.2",
      "unplugin-vue-components": "^0.15.3",
      "vite": "^2.5.2",
      "vue-tsc": "^0.2.2"
    }
  }

yarn manifest: 
  No manifest

Lockfile: 
  No lockfile
